<?xml version="1.0" encoding="UTF-8"?>
<testng-results ignored="0" total="2" passed="2" failed="0" skipped="0">
  <reporter-output>
  </reporter-output>
  <suite started-at="2021-06-25T22:55:45 EDT" name="Default suite" finished-at="2021-06-25T22:56:24 EDT" duration-ms="39296">
    <groups>
    </groups>
    <test started-at="2021-06-25T22:55:45 EDT" name="Default test" finished-at="2021-06-25T22:56:24 EDT" duration-ms="39296">
      <class name="automatedtestingtool.Check_buttons">
        <test-method is-config="true" signature="setUpClass()[pri:0, instance:automatedtestingtool.Check_buttons@6a370f4]" started-at="2021-06-25T22:55:45 EDT" name="setUpClass" finished-at="2021-06-25T22:55:45 EDT" duration-ms="13" status="PASS">
          <reporter-output>
          </reporter-output>
        </test-method> <!-- setUpClass -->
        <test-method signature="buttons()[pri:0, instance:automatedtestingtool.Check_buttons@6a370f4]" started-at="2021-06-25T22:55:45 EDT" name="buttons" finished-at="2021-06-25T22:56:15 EDT" duration-ms="30070" status="PASS">
          <reporter-output>
          </reporter-output>
        </test-method> <!-- buttons -->
        <test-method signature="imagess()[pri:0, instance:automatedtestingtool.Check_buttons@6a370f4]" started-at="2021-06-25T22:56:15 EDT" name="imagess" finished-at="2021-06-25T22:56:24 EDT" duration-ms="9151" status="PASS">
          <reporter-output>
          </reporter-output>
        </test-method> <!-- imagess -->
      </class> <!-- automatedtestingtool.Check_buttons -->
    </test> <!-- Default test -->
  </suite> <!-- Default suite -->
</testng-results>
